[0518/204900.120:ERROR:process_reader_win.cc(151)] SuspendThread: Acesso negado. (0x5)
[0518/204900.120:ERROR:process_reader_win.cc(151)] SuspendThread: Acesso negado. (0x5)
[0518/204900.120:ERROR:process_reader_win.cc(151)] SuspendThread: Acesso negado. (0x5)
[0518/204900.120:ERROR:process_reader_win.cc(151)] SuspendThread: Acesso negado. (0x5)
[0518/204900.120:ERROR:process_reader_win.cc(151)] SuspendThread: Acesso negado. (0x5)
[0518/204900.120:ERROR:process_reader_win.cc(151)] SuspendThread: Acesso negado. (0x5)
[0518/204900.120:ERROR:process_reader_win.cc(151)] SuspendThread: Acesso negado. (0x5)
[0518/204900.120:ERROR:process_reader_win.cc(151)] SuspendThread: Acesso negado. (0x5)
[0518/204900.120:ERROR:process_reader_win.cc(151)] SuspendThread: Acesso negado. (0x5)
[0518/204900.120:ERROR:process_reader_win.cc(151)] SuspendThread: Acesso negado. (0x5)
[0518/204900.120:ERROR:process_reader_win.cc(151)] SuspendThread: Acesso negado. (0x5)
[0518/204900.120:ERROR:process_reader_win.cc(151)] SuspendThread: Acesso negado. (0x5)
[0518/204900.120:ERROR:process_reader_win.cc(151)] SuspendThread: Acesso negado. (0x5)
[0518/204900.120:ERROR:process_reader_win.cc(123)] NtOpenThread: {Acesso Negado} Um processo solicitou acesso a um objeto, mas o direito de acesso não lhe foi concedido. (0xc0000022)
[0518/204900.120:ERROR:exception_snapshot_win.cc(98)] thread ID 20632 not found in process
[0518/204900.135:ERROR:process_reader_win.cc(151)] SuspendThread: Acesso negado. (0x5)
[0518/204900.135:ERROR:process_reader_win.cc(151)] SuspendThread: Acesso negado. (0x5)
[0518/204900.135:ERROR:process_reader_win.cc(151)] SuspendThread: Acesso negado. (0x5)
[0518/204900.135:ERROR:process_reader_win.cc(151)] SuspendThread: Acesso negado. (0x5)
[0518/204900.135:ERROR:process_reader_win.cc(151)] SuspendThread: Acesso negado. (0x5)
[0518/204900.135:ERROR:process_reader_win.cc(151)] SuspendThread: Acesso negado. (0x5)
[0518/204900.135:ERROR:process_reader_win.cc(151)] SuspendThread: Acesso negado. (0x5)
[0518/204900.135:ERROR:process_reader_win.cc(151)] SuspendThread: Acesso negado. (0x5)
[0518/204900.135:ERROR:process_reader_win.cc(151)] SuspendThread: Acesso negado. (0x5)
[0518/204900.135:ERROR:process_reader_win.cc(151)] SuspendThread: Acesso negado. (0x5)
[0518/204900.135:ERROR:process_reader_win.cc(151)] SuspendThread: Acesso negado. (0x5)
[0518/204900.135:ERROR:process_reader_win.cc(151)] SuspendThread: Acesso negado. (0x5)
[0518/204900.135:ERROR:process_reader_win.cc(151)] SuspendThread: Acesso negado. (0x5)
[0518/204900.135:ERROR:process_reader_win.cc(123)] NtOpenThread: {Acesso Negado} Um processo solicitou acesso a um objeto, mas o direito de acesso não lhe foi concedido. (0xc0000022)
[0518/204900.135:ERROR:exception_snapshot_win.cc(98)] thread ID 20636 not found in process
[1013/104727.344:ERROR:settings.cc(430)] Settings version is not 5
[1013/105727.386:ERROR:directory_reader_win.cc(43)] FindFirstFile: O sistema não pode encontrar o caminho especificado. (0x3)
[1015/165934.576:ERROR:directory_reader_win.cc(43)] FindFirstFile: O sistema não pode encontrar o caminho especificado. (0x3)
[1015/171801.652:ERROR:directory_reader_win.cc(43)] FindFirstFile: O sistema não pode encontrar o caminho especificado. (0x3)
[1015/175549.716:ERROR:directory_reader_win.cc(43)] FindFirstFile: O sistema não pode encontrar o caminho especificado. (0x3)
[1015/181620.127:ERROR:directory_reader_win.cc(43)] FindFirstFile: O sistema não pode encontrar o caminho especificado. (0x3)
[1015/183927.597:ERROR:directory_reader_win.cc(43)] FindFirstFile: O sistema não pode encontrar o caminho especificado. (0x3)
[1016/101215.630:ERROR:directory_reader_win.cc(43)] FindFirstFile: O sistema não pode encontrar o caminho especificado. (0x3)
